D:\python\PycharmProjects\pythonProgrammingHelper\train\3544\2172线性表\268885
pass
stdin:4:1: C901 'Loop 4' is too complex (11)
D:\python\PycharmProjects\pythonProgrammingHelper\train\3544\2172线性表\268889
pass
stdin:4:1: C901 'Loop 4' is too complex (11)
D:\python\PycharmProjects\pythonProgrammingHelper\train\3544\2172线性表\268891
pass
stdin:4:1: C901 'Loop 4' is too complex (11)
D:\python\PycharmProjects\pythonProgrammingHelper\train\3544\2172线性表\268892
pass
stdin:4:1: C901 'Loop 4' is too complex (11)
D:\python\PycharmProjects\pythonProgrammingHelper\train\3544\2176数组\234524
pass
D:\python\PycharmProjects\pythonProgrammingHelper\train\3544\2176数组\235147
pass
D:\python\PycharmProjects\pythonProgrammingHelper\train\3544\2176数组\239384
pass
D:\python\PycharmProjects\pythonProgrammingHelper\train\3544\2307数组\283563
pass
D:\python\PycharmProjects\pythonProgrammingHelper\train\3544\2450查找算法\240848
pass
D:\python\PycharmProjects\pythonProgrammingHelper\train\3544\2450查找算法\240849
pass
D:\python\PycharmProjects\pythonProgrammingHelper\train\3544\2456数组\256169
pass
stdin:4:1: C901 'Loop 4' is too complex (4)
D:\python\PycharmProjects\pythonProgrammingHelper\train\3544\2456数组\256175
pass
stdin:4:1: C901 'Loop 4' is too complex (4)
D:\python\PycharmProjects\pythonProgrammingHelper\train\3544\2456数组\256176
pass
stdin:4:1: C901 'Loop 4' is too complex (4)
D:\python\PycharmProjects\pythonProgrammingHelper\train\3544\2456数组\256177
pass
stdin:4:1: C901 'Loop 4' is too complex (4)
D:\python\PycharmProjects\pythonProgrammingHelper\train\3544\2456数组\256178
pass
stdin:4:1: C901 'Loop 4' is too complex (4)
D:\python\PycharmProjects\pythonProgrammingHelper\train\3544\2804数组\239258
pass
D:\python\PycharmProjects\pythonProgrammingHelper\train\3544\2804数组\246142
pass
D:\python\PycharmProjects\pythonProgrammingHelper\train\3544\2908字符串\236494
this upload is user-case oriented
D:\python\PycharmProjects\pythonProgrammingHelper\train\3544\2908字符串\252563
pass
D:\python\PycharmProjects\pythonProgrammingHelper\train\3544\2908字符串\252565
pass
D:\python\PycharmProjects\pythonProgrammingHelper\train\3544\2908字符串\252576
pass
D:\python\PycharmProjects\pythonProgrammingHelper\train\3544\2908字符串\252577
pass
D:\python\PycharmProjects\pythonProgrammingHelper\train\3544\2908字符串\252578
pass
D:\python\PycharmProjects\pythonProgrammingHelper\train\48117\2081字符串\249317
pass
D:\python\PycharmProjects\pythonProgrammingHelper\train\48117\2081字符串\249318
pass
D:\python\PycharmProjects\pythonProgrammingHelper\train\48117\2081字符串\249321
pass
D:\python\PycharmProjects\pythonProgrammingHelper\train\48117\2081字符串\249325
this upload is user-case oriented
D:\python\PycharmProjects\pythonProgrammingHelper\train\48117\2081字符串\249326
pass
D:\python\PycharmProjects\pythonProgrammingHelper\train\48117\2081字符串\249346
this upload is user-case oriented
D:\python\PycharmProjects\pythonProgrammingHelper\train\48117\2180字符串\251174
pass
stdin:7:1: C901 'Loop 7' is too complex (5)
D:\python\PycharmProjects\pythonProgrammingHelper\train\48117\2180字符串\251177
pass
stdin:7:1: C901 'Loop 7' is too complex (5)
D:\python\PycharmProjects\pythonProgrammingHelper\train\48117\2180字符串\255018
pass
stdin:6:1: C901 'Loop 6' is too complex (4)
stdin:12:1: C901 'Loop 12' is too complex (4)
stdin:19:1: C901 'Loop 19' is too complex (5)
D:\python\PycharmProjects\pythonProgrammingHelper\train\48117\2180字符串\255019
pass
stdin:6:1: C901 'Loop 6' is too complex (4)
stdin:12:1: C901 'Loop 12' is too complex (4)
stdin:19:1: C901 'Loop 19' is too complex (5)
D:\python\PycharmProjects\pythonProgrammingHelper\train\48117\2180字符串\255020
pass
stdin:6:1: C901 'Loop 6' is too complex (4)
stdin:12:1: C901 'Loop 12' is too complex (4)
stdin:19:1: C901 'Loop 19' is too complex (5)
D:\python\PycharmProjects\pythonProgrammingHelper\train\48117\2180字符串\255029
pass
stdin:6:1: C901 'Loop 6' is too complex (4)
stdin:12:1: C901 'Loop 12' is too complex (3)
